[01m[K/home/ethan/crimp_ws/src/examples/src/simple_pubsub.cpp:[m[K In constructor â€˜[01m[KMinimalPubSub::[01;32m[KMinimalPubSub[m[K()[m[Kâ€™:
[01m[K/home/ethan/crimp_ws/src/examples/src/simple_pubsub.cpp:39:5:[m[K [01;31m[Kerror: [m[Kâ€˜[01m[Ksubscription_[m[Kâ€™ was not declared in this scope; did you mean â€˜[01m[Krmw_subscription_t[m[Kâ€™?
   39 |     [01;31m[Ksubscription_[m[K = this->create_subscription<std_msgs::msg::String>("topic2", 10,
      |     [01;31m[K^~~~~~~~~~~~~[m[K
      |     [32m[Krmw_subscription_t[m[K
In file included from [01m[K/opt/ros/jazzy/include/rclcpp/rclcpp/copy_all_parameter_values.hpp:27[m[K,
                 from [01m[K/opt/ros/jazzy/include/rclcpp/rclcpp/rclcpp.hpp:171[m[K,
                 from [01m[K/home/ethan/crimp_ws/src/examples/src/simple_pubsub.cpp:20[m[K:
[01m[K/home/ethan/crimp_ws/src/examples/src/simple_pubsub.cpp:[m[K In member function â€˜[01m[Kvoid MinimalPubSub::[01;32m[Ksub_callback[m[K(const std_msgs::msg::String&)[m[Kâ€™:
[01m[K/home/ethan/crimp_ws/src/examples/src/simple_pubsub.cpp:52:5:[m[K [01;31m[Kerror: [m[Kinvalid use of non-static member function â€˜[01m[Krclcpp::Logger rclcpp::Node::[01;32m[Kget_logger[m[K() const[m[Kâ€™
   52 |     [01;31m[KRCLCPP_INFO[m[K(this->get_logger, "I heard: '%s'", msg.data.c_str());
      |     [01;31m[K^~~~~~~~~~~[m[K
In file included from [01m[K/opt/ros/jazzy/include/rclcpp/rclcpp/executors/single_threaded_executor.hpp:28[m[K,
                 from [01m[K/opt/ros/jazzy/include/rclcpp/rclcpp/executors.hpp:22[m[K,
                 from [01m[K/opt/ros/jazzy/include/rclcpp/rclcpp/rclcpp.hpp:172[m[K:
[01m[K/opt/ros/jazzy/include/rclcpp/rclcpp/node.hpp:144:3:[m[K [01;36m[Knote: [m[Kdeclared here
  144 |   [01;36m[Kget_logger[m[K() const;
      |   [01;36m[K^~~~~~~~~~[m[K
[01m[K/home/ethan/crimp_ws/src/examples/src/simple_pubsub.cpp:52:5:[m[K [01;31m[Kerror: [m[Ktemplate argument 1 is invalid
   52 |     [01;31m[KRCLCPP_INFO[m[K(this->get_logger, "I heard: '%s'", msg.data.c_str());
      |     [01;31m[K^~~~~~~~~~~[m[K
[01m[K/home/ethan/crimp_ws/src/examples/src/simple_pubsub.cpp:52:5:[m[K [01;31m[Kerror: [m[Ktemplate argument 1 is invalid
   52 |     [01;31m[KRCLCPP_INFO[m[K(this->get_logger, "I heard: '%s'", msg.data.c_str());
      |     [01;31m[K^~~~~~~~~~~[m[K
[01m[K/home/ethan/crimp_ws/src/examples/src/simple_pubsub.cpp:52:5:[m[K [01;31m[Kerror: [m[Ktemplate argument 1 is invalid
   52 |     [01;31m[KRCLCPP_INFO[m[K(this->get_logger, "I heard: '%s'", msg.data.c_str());
      |     [01;31m[K^~~~~~~~~~~[m[K
In file included from [01m[K/opt/ros/jazzy/include/rclcpp/rclcpp/logging.hpp:24[m[K:
[01m[K/home/ethan/crimp_ws/src/examples/src/simple_pubsub.cpp:52:23:[m[K [01;31m[Kerror: [m[Kinvalid use of member function â€˜[01m[Krclcpp::Logger rclcpp::Node::[01;32m[Kget_logger[m[K() const[m[Kâ€™ (did you forget the â€˜[01m[K()[m[Kâ€™ ?)
   52 |     RCLCPP_INFO(this->[01;31m[Kg[m[Ket_logger, "I heard: '%s'", msg.data.c_str());
      |                       [01;31m[K^[m[K
[01m[K/home/ethan/crimp_ws/src/examples/src/simple_pubsub.cpp:52:23:[m[K [01;31m[Kerror: [m[Kinvalid use of member function â€˜[01m[Krclcpp::Logger rclcpp::Node::[01;32m[Kget_logger[m[K() const[m[Kâ€™ (did you forget the â€˜[01m[K()[m[Kâ€™ ?)
   52 |     RCLCPP_INFO(this->[01;31m[Kg[m[Ket_logger, "I heard: '%s'", msg.data.c_str());
      |                       [01;31m[K^[m[K
gmake[2]: *** [CMakeFiles/pubsub.dir/build.make:76: CMakeFiles/pubsub.dir/src/simple_pubsub.cpp.o] Error 1
gmake[1]: *** [CMakeFiles/Makefile2:193: CMakeFiles/pubsub.dir/all] Error 2
gmake[1]: *** Waiting for unfinished jobs....
gmake: *** [Makefile:146: all] Error 2
