-- The C compiler identification is GNU 13.3.0
-- The CXX compiler identification is GNU 13.3.0
-- Detecting C compiler ABI info
-- Detecting C compiler ABI info - done
-- Check for working C compiler: /usr/bin/cc - skipped
-- Detecting C compile features
-- Detecting C compile features - done
-- Detecting CXX compiler ABI info
-- Detecting CXX compiler ABI info - done
-- Check for working CXX compiler: /usr/bin/c++ - skipped
-- Detecting CXX compile features
-- Detecting CXX compile features - done
-- Found ament_cmake: 2.5.3 (/opt/ros/jazzy/share/ament_cmake/cmake)
-- Found Python3: /usr/bin/python3 (found version "3.12.3") found components: Interpreter 
-- Found rclcpp: 28.1.8 (/opt/ros/jazzy/share/rclcpp/cmake)
-- Found rosidl_generator_c: 4.6.5 (/opt/ros/jazzy/share/rosidl_generator_c/cmake)
-- Found rosidl_generator_cpp: 4.6.5 (/opt/ros/jazzy/share/rosidl_generator_cpp/cmake)
-- Using all available rosidl_typesupport_c: rosidl_typesupport_fastrtps_c;rosidl_typesupport_introspection_c
-- Using all available rosidl_typesupport_cpp: rosidl_typesupport_fastrtps_cpp;rosidl_typesupport_introspection_cpp
-- Found rmw_implementation_cmake: 7.3.2 (/opt/ros/jazzy/share/rmw_implementation_cmake/cmake)
-- Found rmw_fastrtps_cpp: 8.4.2 (/opt/ros/jazzy/share/rmw_fastrtps_cpp/cmake)
-- Found OpenSSL: /usr/lib/x86_64-linux-gnu/libcrypto.so (found version "3.0.13")  
-- Found FastRTPS: /opt/ros/jazzy/include (Required is at least version "2.13") 
-- Using RMW implementation 'rmw_fastrtps_cpp' as default
-- Found std_msgs: 5.3.6 (/opt/ros/jazzy/share/std_msgs/cmake)
-- Found ament_lint_auto: 0.17.2 (/opt/ros/jazzy/share/ament_lint_auto/cmake)
-- Added test 'cppcheck' to perform static code analysis on C / C++ code
-- Configured cppcheck include dirs: 
-- Configured cppcheck exclude dirs and/or files: 
-- Added test 'lint_cmake' to check CMake code style
-- Added test 'uncrustify' to check C / C++ code style
-- Configured uncrustify additional arguments: 
-- Added test 'xmllint' to check XML markup files
-- Configuring done (1.8s)
-- Generating done (0.0s)
-- Build files have been written to: /home/ethan/crimp_ws/build/crimp_cpp
[ 50%] [32mBuilding CXX object CMakeFiles/listener.dir/src/simple_sub.cpp.o[0m
[ 50%] [32mBuilding CXX object CMakeFiles/pubsub.dir/src/simple_pubsub.cpp.o[0m
[ 50%] [32mBuilding CXX object CMakeFiles/talker.dir/src/simple_pub.cpp.o[0m
[01m[K/home/ethan/crimp_ws/src/examples/src/simple_pubsub.cpp:[m[K In constructor â€˜[01m[KMinimalPubSub::[01;32m[KMinimalPubSub[m[K()[m[Kâ€™:
[01m[K/home/ethan/crimp_ws/src/examples/src/simple_pubsub.cpp:39:5:[m[K [01;31m[Kerror: [m[Kâ€˜[01m[Ksubscription_[m[Kâ€™ was not declared in this scope; did you mean â€˜[01m[Krmw_subscription_t[m[Kâ€™?
   39 |     [01;31m[Ksubscription_[m[K = this->create_subscription<std_msgs::msg::String>("topic2", 10,
      |     [01;31m[K^~~~~~~~~~~~~[m[K
      |     [32m[Krmw_subscription_t[m[K
In file included from [01m[K/opt/ros/jazzy/include/rclcpp/rclcpp/copy_all_parameter_values.hpp:27[m[K,
                 from [01m[K/opt/ros/jazzy/include/rclcpp/rclcpp/rclcpp.hpp:171[m[K,
                 from [01m[K/home/ethan/crimp_ws/src/examples/src/simple_pubsub.cpp:20[m[K:
[01m[K/home/ethan/crimp_ws/src/examples/src/simple_pubsub.cpp:[m[K In member function â€˜[01m[Kvoid MinimalPubSub::[01;32m[Ksub_callback[m[K(const std_msgs::msg::String&)[m[Kâ€™:
[01m[K/home/ethan/crimp_ws/src/examples/src/simple_pubsub.cpp:52:5:[m[K [01;31m[Kerror: [m[Kinvalid use of non-static member function â€˜[01m[Krclcpp::Logger rclcpp::Node::[01;32m[Kget_logger[m[K() const[m[Kâ€™
   52 |     [01;31m[KRCLCPP_INFO[m[K(this->get_logger, "I heard: '%s'", msg.data.c_str());
      |     [01;31m[K^~~~~~~~~~~[m[K
In file included from [01m[K/opt/ros/jazzy/include/rclcpp/rclcpp/executors/single_threaded_executor.hpp:28[m[K,
                 from [01m[K/opt/ros/jazzy/include/rclcpp/rclcpp/executors.hpp:22[m[K,
                 from [01m[K/opt/ros/jazzy/include/rclcpp/rclcpp/rclcpp.hpp:172[m[K:
[01m[K/opt/ros/jazzy/include/rclcpp/rclcpp/node.hpp:144:3:[m[K [01;36m[Knote: [m[Kdeclared here
  144 |   [01;36m[Kget_logger[m[K() const;
      |   [01;36m[K^~~~~~~~~~[m[K
[01m[K/home/ethan/crimp_ws/src/examples/src/simple_pubsub.cpp:52:5:[m[K [01;31m[Kerror: [m[Ktemplate argument 1 is invalid
   52 |     [01;31m[KRCLCPP_INFO[m[K(this->get_logger, "I heard: '%s'", msg.data.c_str());
      |     [01;31m[K^~~~~~~~~~~[m[K
[01m[K/home/ethan/crimp_ws/src/examples/src/simple_pubsub.cpp:52:5:[m[K [01;31m[Kerror: [m[Ktemplate argument 1 is invalid
   52 |     [01;31m[KRCLCPP_INFO[m[K(this->get_logger, "I heard: '%s'", msg.data.c_str());
      |     [01;31m[K^~~~~~~~~~~[m[K
[01m[K/home/ethan/crimp_ws/src/examples/src/simple_pubsub.cpp:52:5:[m[K [01;31m[Kerror: [m[Ktemplate argument 1 is invalid
   52 |     [01;31m[KRCLCPP_INFO[m[K(this->get_logger, "I heard: '%s'", msg.data.c_str());
      |     [01;31m[K^~~~~~~~~~~[m[K
In file included from [01m[K/opt/ros/jazzy/include/rclcpp/rclcpp/logging.hpp:24[m[K:
[01m[K/home/ethan/crimp_ws/src/examples/src/simple_pubsub.cpp:52:23:[m[K [01;31m[Kerror: [m[Kinvalid use of member function â€˜[01m[Krclcpp::Logger rclcpp::Node::[01;32m[Kget_logger[m[K() const[m[Kâ€™ (did you forget the â€˜[01m[K()[m[Kâ€™ ?)
   52 |     RCLCPP_INFO(this->[01;31m[Kg[m[Ket_logger, "I heard: '%s'", msg.data.c_str());
      |                       [01;31m[K^[m[K
[01m[K/home/ethan/crimp_ws/src/examples/src/simple_pubsub.cpp:52:23:[m[K [01;31m[Kerror: [m[Kinvalid use of member function â€˜[01m[Krclcpp::Logger rclcpp::Node::[01;32m[Kget_logger[m[K() const[m[Kâ€™ (did you forget the â€˜[01m[K()[m[Kâ€™ ?)
   52 |     RCLCPP_INFO(this->[01;31m[Kg[m[Ket_logger, "I heard: '%s'", msg.data.c_str());
      |                       [01;31m[K^[m[K
gmake[2]: *** [CMakeFiles/pubsub.dir/build.make:76: CMakeFiles/pubsub.dir/src/simple_pubsub.cpp.o] Error 1
gmake[1]: *** [CMakeFiles/Makefile2:193: CMakeFiles/pubsub.dir/all] Error 2
gmake[1]: *** Waiting for unfinished jobs....
[ 66%] [32m[1mLinking CXX executable talker[0m
[ 66%] Built target talker
[ 83%] [32m[1mLinking CXX executable listener[0m
[ 83%] Built target listener
gmake: *** [Makefile:146: all] Error 2
