[0.022s] Invoking command in '/home/ethan/crimp_ws/build/crimp_cpp': CMAKE_PREFIX_PATH=${CMAKE_PREFIX_PATH}:/opt/ros/jazzy DEBUGINFOD_URLS=https://debuginfod.ubuntu.com /usr/bin/cmake /home/ethan/crimp_ws/src/examples -DCMAKE_INSTALL_PREFIX=/home/ethan/crimp_ws/install/crimp_cpp
[0.156s] -- The C compiler identification is GNU 13.3.0
[0.274s] -- The CXX compiler identification is GNU 13.3.0
[0.313s] -- Detecting C compiler ABI info
[0.485s] -- Detecting C compiler ABI info - done
[0.499s] -- Check for working C compiler: /usr/bin/cc - skipped
[0.500s] -- Detecting C compile features
[0.500s] -- Detecting C compile features - done
[0.522s] -- Detecting CXX compiler ABI info
[0.693s] -- Detecting CXX compiler ABI info - done
[0.715s] -- Check for working CXX compiler: /usr/bin/c++ - skipped
[0.715s] -- Detecting CXX compile features
[0.716s] -- Detecting CXX compile features - done
[0.720s] -- Found ament_cmake: 2.5.3 (/opt/ros/jazzy/share/ament_cmake/cmake)
[0.935s] -- Found Python3: /usr/bin/python3 (found version "3.12.3") found components: Interpreter 
[1.081s] -- Found rclcpp: 28.1.8 (/opt/ros/jazzy/share/rclcpp/cmake)
[1.144s] -- Found rosidl_generator_c: 4.6.5 (/opt/ros/jazzy/share/rosidl_generator_c/cmake)
[1.163s] -- Found rosidl_generator_cpp: 4.6.5 (/opt/ros/jazzy/share/rosidl_generator_cpp/cmake)
[1.184s] -- Using all available rosidl_typesupport_c: rosidl_typesupport_fastrtps_c;rosidl_typesupport_introspection_c
[1.209s] -- Using all available rosidl_typesupport_cpp: rosidl_typesupport_fastrtps_cpp;rosidl_typesupport_introspection_cpp
[1.309s] -- Found rmw_implementation_cmake: 7.3.2 (/opt/ros/jazzy/share/rmw_implementation_cmake/cmake)
[1.314s] -- Found rmw_fastrtps_cpp: 8.4.2 (/opt/ros/jazzy/share/rmw_fastrtps_cpp/cmake)
[1.503s] -- Found OpenSSL: /usr/lib/x86_64-linux-gnu/libcrypto.so (found version "3.0.13")  
[1.531s] -- Found FastRTPS: /opt/ros/jazzy/include (Required is at least version "2.13") 
[1.566s] -- Using RMW implementation 'rmw_fastrtps_cpp' as default
[1.660s] -- Found std_msgs: 5.3.6 (/opt/ros/jazzy/share/std_msgs/cmake)
[1.682s] -- Found ament_lint_auto: 0.17.2 (/opt/ros/jazzy/share/ament_lint_auto/cmake)
[1.834s] -- Added test 'cppcheck' to perform static code analysis on C / C++ code
[1.834s] -- Configured cppcheck include dirs: 
[1.834s] -- Configured cppcheck exclude dirs and/or files: 
[1.835s] -- Added test 'lint_cmake' to check CMake code style
[1.836s] -- Added test 'uncrustify' to check C / C++ code style
[1.837s] -- Configured uncrustify additional arguments: 
[1.837s] -- Added test 'xmllint' to check XML markup files
[1.839s] -- Configuring done (1.8s)
[1.860s] -- Generating done (0.0s)
[1.867s] -- Build files have been written to: /home/ethan/crimp_ws/build/crimp_cpp
[1.882s] Invoked command in '/home/ethan/crimp_ws/build/crimp_cpp' returned '0': CMAKE_PREFIX_PATH=${CMAKE_PREFIX_PATH}:/opt/ros/jazzy DEBUGINFOD_URLS=https://debuginfod.ubuntu.com /usr/bin/cmake /home/ethan/crimp_ws/src/examples -DCMAKE_INSTALL_PREFIX=/home/ethan/crimp_ws/install/crimp_cpp
[1.886s] Invoking command in '/home/ethan/crimp_ws/build/crimp_cpp': CMAKE_PREFIX_PATH=${CMAKE_PREFIX_PATH}:/opt/ros/jazzy DEBUGINFOD_URLS=https://debuginfod.ubuntu.com /usr/bin/cmake --build /home/ethan/crimp_ws/build/crimp_cpp -- -j8 -l8
[1.974s] [ 50%] [32mBuilding CXX object CMakeFiles/listener.dir/src/simple_sub.cpp.o[0m
[1.974s] [ 50%] [32mBuilding CXX object CMakeFiles/pubsub.dir/src/simple_pubsub.cpp.o[0m
[1.974s] [ 50%] [32mBuilding CXX object CMakeFiles/talker.dir/src/simple_pub.cpp.o[0m
[5.148s] [01m[K/home/ethan/crimp_ws/src/examples/src/simple_pubsub.cpp:[m[K In constructor â€˜[01m[KMinimalPubSub::[01;32m[KMinimalPubSub[m[K()[m[Kâ€™:
[5.149s] [01m[K/home/ethan/crimp_ws/src/examples/src/simple_pubsub.cpp:39:5:[m[K [01;31m[Kerror: [m[Kâ€˜[01m[Ksubscription_[m[Kâ€™ was not declared in this scope; did you mean â€˜[01m[Krmw_subscription_t[m[Kâ€™?
[5.149s]    39 |     [01;31m[Ksubscription_[m[K = this->create_subscription<std_msgs::msg::String>("topic2", 10,
[5.149s]       |     [01;31m[K^~~~~~~~~~~~~[m[K
[5.150s]       |     [32m[Krmw_subscription_t[m[K
[5.186s] In file included from [01m[K/opt/ros/jazzy/include/rclcpp/rclcpp/copy_all_parameter_values.hpp:27[m[K,
[5.187s]                  from [01m[K/opt/ros/jazzy/include/rclcpp/rclcpp/rclcpp.hpp:171[m[K,
[5.187s]                  from [01m[K/home/ethan/crimp_ws/src/examples/src/simple_pubsub.cpp:20[m[K:
[5.188s] [01m[K/home/ethan/crimp_ws/src/examples/src/simple_pubsub.cpp:[m[K In member function â€˜[01m[Kvoid MinimalPubSub::[01;32m[Ksub_callback[m[K(const std_msgs::msg::String&)[m[Kâ€™:
[5.188s] [01m[K/home/ethan/crimp_ws/src/examples/src/simple_pubsub.cpp:52:5:[m[K [01;31m[Kerror: [m[Kinvalid use of non-static member function â€˜[01m[Krclcpp::Logger rclcpp::Node::[01;32m[Kget_logger[m[K() const[m[Kâ€™
[5.188s]    52 |     [01;31m[KRCLCPP_INFO[m[K(this->get_logger, "I heard: '%s'", msg.data.c_str());
[5.189s]       |     [01;31m[K^~~~~~~~~~~[m[K
[5.189s] In file included from [01m[K/opt/ros/jazzy/include/rclcpp/rclcpp/executors/single_threaded_executor.hpp:28[m[K,
[5.190s]                  from [01m[K/opt/ros/jazzy/include/rclcpp/rclcpp/executors.hpp:22[m[K,
[5.190s]                  from [01m[K/opt/ros/jazzy/include/rclcpp/rclcpp/rclcpp.hpp:172[m[K:
[5.190s] [01m[K/opt/ros/jazzy/include/rclcpp/rclcpp/node.hpp:144:3:[m[K [01;36m[Knote: [m[Kdeclared here
[5.191s]   144 |   [01;36m[Kget_logger[m[K() const;
[5.191s]       |   [01;36m[K^~~~~~~~~~[m[K
[5.191s] [01m[K/home/ethan/crimp_ws/src/examples/src/simple_pubsub.cpp:52:5:[m[K [01;31m[Kerror: [m[Ktemplate argument 1 is invalid
[5.191s]    52 |     [01;31m[KRCLCPP_INFO[m[K(this->get_logger, "I heard: '%s'", msg.data.c_str());
[5.192s]       |     [01;31m[K^~~~~~~~~~~[m[K
[5.192s] [01m[K/home/ethan/crimp_ws/src/examples/src/simple_pubsub.cpp:52:5:[m[K [01;31m[Kerror: [m[Ktemplate argument 1 is invalid
[5.192s]    52 |     [01;31m[KRCLCPP_INFO[m[K(this->get_logger, "I heard: '%s'", msg.data.c_str());
[5.193s]       |     [01;31m[K^~~~~~~~~~~[m[K
[5.193s] [01m[K/home/ethan/crimp_ws/src/examples/src/simple_pubsub.cpp:52:5:[m[K [01;31m[Kerror: [m[Ktemplate argument 1 is invalid
[5.193s]    52 |     [01;31m[KRCLCPP_INFO[m[K(this->get_logger, "I heard: '%s'", msg.data.c_str());
[5.193s]       |     [01;31m[K^~~~~~~~~~~[m[K
[5.194s] In file included from [01m[K/opt/ros/jazzy/include/rclcpp/rclcpp/logging.hpp:24[m[K:
[5.194s] [01m[K/home/ethan/crimp_ws/src/examples/src/simple_pubsub.cpp:52:23:[m[K [01;31m[Kerror: [m[Kinvalid use of member function â€˜[01m[Krclcpp::Logger rclcpp::Node::[01;32m[Kget_logger[m[K() const[m[Kâ€™ (did you forget the â€˜[01m[K()[m[Kâ€™ ?)
[5.194s]    52 |     RCLCPP_INFO(this->[01;31m[Kg[m[Ket_logger, "I heard: '%s'", msg.data.c_str());
[5.195s]       |                       [01;31m[K^[m[K
[5.195s] [01m[K/home/ethan/crimp_ws/src/examples/src/simple_pubsub.cpp:52:23:[m[K [01;31m[Kerror: [m[Kinvalid use of member function â€˜[01m[Krclcpp::Logger rclcpp::Node::[01;32m[Kget_logger[m[K() const[m[Kâ€™ (did you forget the â€˜[01m[K()[m[Kâ€™ ?)
[5.195s]    52 |     RCLCPP_INFO(this->[01;31m[Kg[m[Ket_logger, "I heard: '%s'", msg.data.c_str());
[5.195s]       |                       [01;31m[K^[m[K
[8.125s] gmake[2]: *** [CMakeFiles/pubsub.dir/build.make:76: CMakeFiles/pubsub.dir/src/simple_pubsub.cpp.o] Error 1
[8.125s] gmake[1]: *** [CMakeFiles/Makefile2:193: CMakeFiles/pubsub.dir/all] Error 2
[8.126s] gmake[1]: *** Waiting for unfinished jobs....
[8.192s] [ 66%] [32m[1mLinking CXX executable talker[0m
[8.668s] [ 66%] Built target talker
[11.806s] [ 83%] [32m[1mLinking CXX executable listener[0m
[12.195s] [ 83%] Built target listener
[12.197s] gmake: *** [Makefile:146: all] Error 2
[12.203s] Invoked command in '/home/ethan/crimp_ws/build/crimp_cpp' returned '2': CMAKE_PREFIX_PATH=${CMAKE_PREFIX_PATH}:/opt/ros/jazzy DEBUGINFOD_URLS=https://debuginfod.ubuntu.com /usr/bin/cmake --build /home/ethan/crimp_ws/build/crimp_cpp -- -j8 -l8
