[0.026s] Invoking command in '/home/ethan/crimp_ws/build/crimp_cpp': CMAKE_PREFIX_PATH=${CMAKE_PREFIX_PATH}:/opt/ros/jazzy DEBUGINFOD_URLS=https://debuginfod.ubuntu.com /usr/bin/cmake --build /home/ethan/crimp_ws/build/crimp_cpp -- -j8 -l8
[0.155s] [ 50%] [32mBuilding CXX object CMakeFiles/motion_planner.dir/src/motion_planner.cpp.o[0m
[0.156s] [ 50%] Built target joint_mover
[0.156s] [ 66%] [32mBuilding CXX object CMakeFiles/suction_cups.dir/src/suction_cups.cpp.o[0m
[3.428s] [01m[K/home/ethan/crimp_ws/src/crimp_cpp/src/motion_planner.cpp:[m[K In constructor â€˜[01m[KMotionPlanner::[01;32m[KMotionPlanner[m[K()[m[Kâ€™:
[3.428s] [01m[K/home/ethan/crimp_ws/src/crimp_cpp/src/motion_planner.cpp:48:5:[m[K [01;31m[Kerror: [m[Kâ€˜[01m[Kslow_timer_[m[Kâ€™ was not declared in this scope
[3.428s]    48 |     [01;31m[Kslow_timer_[m[K = this->create_wall_timer(5s, slow_timer_callback);
[3.428s]       |     [01;31m[K^~~~~~~~~~~[m[K
[6.157s] gmake[2]: *** [CMakeFiles/motion_planner.dir/build.make:76: CMakeFiles/motion_planner.dir/src/motion_planner.cpp.o] Error 1
[6.158s] gmake[1]: *** [CMakeFiles/Makefile2:167: CMakeFiles/motion_planner.dir/all] Error 2
[6.158s] gmake[1]: *** Waiting for unfinished jobs....
[9.908s] [ 83%] [32m[1mLinking CXX executable suction_cups[0m
[10.360s] [ 83%] Built target suction_cups
[10.362s] gmake: *** [Makefile:146: all] Error 2
[10.367s] Invoked command in '/home/ethan/crimp_ws/build/crimp_cpp' returned '2': CMAKE_PREFIX_PATH=${CMAKE_PREFIX_PATH}:/opt/ros/jazzy DEBUGINFOD_URLS=https://debuginfod.ubuntu.com /usr/bin/cmake --build /home/ethan/crimp_ws/build/crimp_cpp -- -j8 -l8
