[0.021s] Invoking command in '/home/ethan/crimp_ws/build/crimp_cpp': CMAKE_PREFIX_PATH=/home/ethan/crimp_ws/install/custom_msgs:/home/ethan/crimp_ws/install/crimp_cpp:/opt/ros/jazzy/opt/sdformat_vendor:/opt/ros/jazzy/opt/gz_math_vendor:/opt/ros/jazzy/opt/gz_utils_vendor:/opt/ros/jazzy/opt/gz_tools_vendor:/opt/ros/jazzy/opt/gz_cmake_vendor:/home/ethan/crimp_ws/install/crimp_python:/opt/ros/jazzy DEBUGINFOD_URLS=https://debuginfod.ubuntu.com /usr/bin/cmake --build /home/ethan/crimp_ws/build/crimp_cpp -- -j8 -l8
[0.123s] [ 16%] [32mBuilding CXX object CMakeFiles/joint_mover.dir/src/joint_mover.cpp.o[0m
[0.130s] [ 50%] [32mBuilding CXX object CMakeFiles/motion_planner.dir/src/motion_planner.cpp.o[0m
[0.130s] [ 50%] [32mBuilding CXX object CMakeFiles/suction_cups.dir/src/suction_cups.cpp.o[0m
[3.479s] [01m[K/home/ethan/crimp_ws/src/crimp_cpp/src/joint_mover.cpp:[m[K In member function â€˜[01m[Kvoid JointMover::[01;32m[Ktimer_callback[m[K()[m[Kâ€™:
[3.480s] [01m[K/home/ethan/crimp_ws/src/crimp_cpp/src/joint_mover.cpp:55:27:[m[K [01;35m[Kwarning: [m[Knarrowing conversion of â€˜[01m[K(((JointMover*)this)->JointMover::count_ * 10)[m[Kâ€™ from â€˜[01m[Ksize_t[m[Kâ€™ {aka â€˜[01m[Klong unsigned int[m[Kâ€™} to â€˜[01m[Kdouble[m[Kâ€™ [[01;35m[K]8;;https://gcc.gnu.org/onlinedocs/gcc/Warning-Options.html#index-Wnarrowing-Wnarrowing]8;;[m[K]
[3.480s]    55 |     msg.position = {[01;35m[Kcount_*10[m[K};
[3.480s]       |                     [01;35m[K~~~~~~^~~[m[K
[3.480s] [01m[K/home/ethan/crimp_ws/src/crimp_cpp/src/joint_mover.cpp:55:27:[m[K [01;35m[Kwarning: [m[Knarrowing conversion of â€˜[01m[K(((JointMover*)this)->JointMover::count_ * 10)[m[Kâ€™ from â€˜[01m[Ksize_t[m[Kâ€™ {aka â€˜[01m[Klong unsigned int[m[Kâ€™} to â€˜[01m[Kdouble[m[Kâ€™ [[01;35m[K]8;;https://gcc.gnu.org/onlinedocs/gcc/Warning-Options.html#index-Wnarrowing-Wnarrowing]8;;[m[K]
[3.482s] [01m[K/home/ethan/crimp_ws/src/crimp_cpp/src/joint_mover.cpp:[m[K In member function â€˜[01m[Kvoid JointMover::[01;32m[Ksub_callback[m[K(const sensor_msgs::msg::JointState&)[m[Kâ€™:
[3.482s] [01m[K/home/ethan/crimp_ws/src/crimp_cpp/src/joint_mover.cpp:61:10:[m[K [01;35m[Kwarning: [m[Kunused variable â€˜[01m[Kpos[m[Kâ€™ [[01;35m[K]8;;https://gcc.gnu.org/onlinedocs/gcc/Warning-Options.html#index-Wunused-variable-Wunused-variable]8;;[m[K]
[3.482s]    61 |     auto [01;35m[Kpos[m[K = to_string(msg.position[0]).c_str();
[3.482s]       |          [01;35m[K^~~[m[K
[3.534s] In file included from [01m[K/opt/ros/jazzy/include/rclcpp/rclcpp/logging.hpp:24[m[K,
[3.534s]                  from [01m[K/opt/ros/jazzy/include/rclcpp/rclcpp/copy_all_parameter_values.hpp:27[m[K,
[3.534s]                  from [01m[K/opt/ros/jazzy/include/rclcpp/rclcpp/rclcpp.hpp:171[m[K,
[3.535s]                  from [01m[K/home/ethan/crimp_ws/src/crimp_cpp/src/motion_planner.cpp:20[m[K:
[3.535s] [01m[K/home/ethan/crimp_ws/src/crimp_cpp/src/motion_planner.cpp:[m[K In lambda function:
[3.535s] [01m[K/home/ethan/crimp_ws/src/crimp_cpp/src/motion_planner.cpp:53:98:[m[K [01;31m[Kerror: [m[Kâ€˜[01m[Kequest_msg[m[Kâ€™ was not declared in this scope; did you mean â€˜[01m[Krequest_msg[m[Kâ€™?
[3.535s]    53 |         RCLCPP_INFO(this->get_logger(), "Publishing: cup_1=%hhu, cup_2=%hhu", request_msg.cup_1, [01;31m[Kequest_msg[m[K.cup_2); // equivalent of print()
[3.536s]       |                                                                                                  [01;31m[K^~~~~~~~~~[m[K
[3.536s] [01m[K/home/ethan/crimp_ws/src/crimp_cpp/src/motion_planner.cpp:51:14:[m[K [01;35m[Kwarning: [m[Kunused variable â€˜[01m[Kcup_1[m[Kâ€™ [[01;35m[K]8;;https://gcc.gnu.org/onlinedocs/gcc/Warning-Options.html#index-Wunused-variable-Wunused-variable]8;;[m[K]
[3.536s]    51 |         auto [01;35m[Kcup_1[m[K = to_string(request_msg.cup_1).c_str();
[3.537s]       |              [01;35m[K^~~~~[m[K
[3.537s] [01m[K/home/ethan/crimp_ws/src/crimp_cpp/src/motion_planner.cpp:52:14:[m[K [01;35m[Kwarning: [m[Kunused variable â€˜[01m[Kcup_2[m[Kâ€™ [[01;35m[K]8;;https://gcc.gnu.org/onlinedocs/gcc/Warning-Options.html#index-Wunused-variable-Wunused-variable]8;;[m[K]
[3.537s]    52 |         auto [01;35m[Kcup_2[m[K = to_string(request_msg.cup_2).c_str();
[3.537s]       |              [01;35m[K^~~~~[m[K
[3.550s] [01m[K/home/ethan/crimp_ws/src/crimp_cpp/src/motion_planner.cpp:[m[K In member function â€˜[01m[Kvoid MotionPlanner::[01;32m[Ktimer_callback[m[K()[m[Kâ€™:
[3.550s] [01m[K/home/ethan/crimp_ws/src/crimp_cpp/src/motion_planner.cpp:71:28:[m[K [01;35m[Kwarning: [m[Knarrowing conversion of â€˜[01m[K((MotionPlanner*)this)->MotionPlanner::count_[m[Kâ€™ from â€˜[01m[Ksize_t[m[Kâ€™ {aka â€˜[01m[Klong unsigned int[m[Kâ€™} to â€˜[01m[Kdouble[m[Kâ€™ [[01;35m[K]8;;https://gcc.gnu.org/onlinedocs/gcc/Warning-Options.html#index-Wnarrowing-Wnarrowing]8;;[m[K]
[3.551s]    71 |     target_msg.position = {[01;35m[Kcount_[m[K};
[3.551s]       |                            [01;35m[K^~~~~~[m[K
[3.551s] [01m[K/home/ethan/crimp_ws/src/crimp_cpp/src/motion_planner.cpp:71:28:[m[K [01;35m[Kwarning: [m[Knarrowing conversion of â€˜[01m[K((MotionPlanner*)this)->MotionPlanner::count_[m[Kâ€™ from â€˜[01m[Ksize_t[m[Kâ€™ {aka â€˜[01m[Klong unsigned int[m[Kâ€™} to â€˜[01m[Kdouble[m[Kâ€™ [[01;35m[K]8;;https://gcc.gnu.org/onlinedocs/gcc/Warning-Options.html#index-Wnarrowing-Wnarrowing]8;;[m[K]
[8.356s] gmake[2]: *** [CMakeFiles/motion_planner.dir/build.make:76: CMakeFiles/motion_planner.dir/src/motion_planner.cpp.o] Error 1
[8.357s] gmake[1]: *** [CMakeFiles/Makefile2:167: CMakeFiles/motion_planner.dir/all] Error 2
[8.357s] gmake[1]: *** Waiting for unfinished jobs....
[11.256s] [ 66%] [32m[1mLinking CXX executable joint_mover[0m
[11.553s] [ 83%] [32m[1mLinking CXX executable suction_cups[0m
[11.842s] [ 83%] Built target joint_mover
[12.051s] [ 83%] Built target suction_cups
[12.055s] gmake: *** [Makefile:146: all] Error 2
[12.063s] Invoked command in '/home/ethan/crimp_ws/build/crimp_cpp' returned '2': CMAKE_PREFIX_PATH=/home/ethan/crimp_ws/install/custom_msgs:/home/ethan/crimp_ws/install/crimp_cpp:/opt/ros/jazzy/opt/sdformat_vendor:/opt/ros/jazzy/opt/gz_math_vendor:/opt/ros/jazzy/opt/gz_utils_vendor:/opt/ros/jazzy/opt/gz_tools_vendor:/opt/ros/jazzy/opt/gz_cmake_vendor:/home/ethan/crimp_ws/install/crimp_python:/opt/ros/jazzy DEBUGINFOD_URLS=https://debuginfod.ubuntu.com /usr/bin/cmake --build /home/ethan/crimp_ws/build/crimp_cpp -- -j8 -l8
