[33mCMake Warning (dev) at CMakeLists.txt:16 (add_executable):
  Policy CMP0115 is not set: Source file extensions must be explicit.  Run
  "cmake --help-policy CMP0115" for policy details.  Use the cmake_policy
  command to set the policy and suppress this warning.

  File:

    /home/ethan/crimp_ws/src/crimp_cpp/src/joint_mover.cpp
This warning is for project developers.  Use -Wno-dev to suppress it.
[0m
[33mCMake Warning (dev) at CMakeLists.txt:19 (add_executable):
  Policy CMP0115 is not set: Source file extensions must be explicit.  Run
  "cmake --help-policy CMP0115" for policy details.  Use the cmake_policy
  command to set the policy and suppress this warning.

  File:

    /home/ethan/crimp_ws/src/crimp_cpp/src/motion_planner.cpp
This warning is for project developers.  Use -Wno-dev to suppress it.
[0m
[33mCMake Warning (dev) at CMakeLists.txt:22 (add_executable):
  Policy CMP0115 is not set: Source file extensions must be explicit.  Run
  "cmake --help-policy CMP0115" for policy details.  Use the cmake_policy
  command to set the policy and suppress this warning.

  File:

    /home/ethan/crimp_ws/src/crimp_cpp/src/suction_cups.cpp
This warning is for project developers.  Use -Wno-dev to suppress it.
[0m
[01m[K/home/ethan/crimp_ws/src/crimp_cpp/src/motion_planner.cpp:[m[K In constructor â€˜[01m[KMotionPlanner::[01;32m[KMotionPlanner[m[K()[m[Kâ€™:
[01m[K/home/ethan/crimp_ws/src/crimp_cpp/src/motion_planner.cpp:48:5:[m[K [01;31m[Kerror: [m[Kexpected â€˜[01m[K,[m[Kâ€™ or â€˜[01m[K;[m[Kâ€™ before â€˜[01m[Kslow_timer_[m[Kâ€™
   48 |     [01;31m[Kslow_timer_[m[K = this->create_wall_timer(5s, slow_timer_callback);
      |     [01;31m[K^~~~~~~~~~~[m[K
[01m[K/home/ethan/crimp_ws/src/crimp_cpp/src/suction_cups.cpp:[m[K In member function â€˜[01m[Kvoid MinimalPubSub::[01;32m[Ktimer_callback[m[K()[m[Kâ€™:
[01m[K/home/ethan/crimp_ws/src/crimp_cpp/src/suction_cups.cpp:49:5:[m[K [01;31m[Kerror: [m[Kâ€˜[01m[Kpublisher_[m[Kâ€™ was not declared in this scope; did you mean â€˜[01m[Krmw_publisher_t[m[Kâ€™?
   49 |     [01;31m[Kpublisher_[m[K->publish(message); // publishes the message
      |     [01;31m[K^~~~~~~~~~[m[K
      |     [32m[Krmw_publisher_t[m[K
[01m[K/home/ethan/crimp_ws/src/crimp_cpp/src/motion_planner.cpp:[m[K In member function â€˜[01m[Kvoid MotionPlanner::[01;32m[Ktimer_callback[m[K()[m[Kâ€™:
[01m[K/home/ethan/crimp_ws/src/crimp_cpp/src/motion_planner.cpp:67:5:[m[K [01;31m[Kerror: [m[Kâ€˜[01m[Krobot_pose_pub[m[Kâ€™ was not declared in this scope; did you mean â€˜[01m[Krobot_pos_pub[m[Kâ€™?
   67 |     [01;31m[Krobot_pose_pub[m[K->publish(msg2); // publishes the message
      |     [01;31m[K^~~~~~~~~~~~~~[m[K
      |     [32m[Krobot_pos_pub[m[K
gmake[2]: *** [CMakeFiles/suction_cups.dir/build.make:76: CMakeFiles/suction_cups.dir/src/suction_cups.cpp.o] Error 1
gmake[1]: *** [CMakeFiles/Makefile2:193: CMakeFiles/suction_cups.dir/all] Error 2
gmake[1]: *** Waiting for unfinished jobs....
gmake[2]: *** [CMakeFiles/motion_planner.dir/build.make:76: CMakeFiles/motion_planner.dir/src/motion_planner.cpp.o] Error 1
gmake[1]: *** [CMakeFiles/Makefile2:167: CMakeFiles/motion_planner.dir/all] Error 2
gmake: *** [Makefile:146: all] Error 2
