-- The C compiler identification is GNU 13.3.0
-- The CXX compiler identification is GNU 13.3.0
-- Detecting C compiler ABI info
-- Detecting C compiler ABI info - done
-- Check for working C compiler: /usr/bin/cc - skipped
-- Detecting C compile features
-- Detecting C compile features - done
-- Detecting CXX compiler ABI info
-- Detecting CXX compiler ABI info - done
-- Check for working CXX compiler: /usr/bin/c++ - skipped
-- Detecting CXX compile features
-- Detecting CXX compile features - done
-- Found ament_cmake: 2.5.3 (/opt/ros/jazzy/share/ament_cmake/cmake)
-- Found Python3: /usr/bin/python3 (found version "3.12.3") found components: Interpreter 
-- Found rclcpp: 28.1.8 (/opt/ros/jazzy/share/rclcpp/cmake)
-- Found rosidl_generator_c: 4.6.5 (/opt/ros/jazzy/share/rosidl_generator_c/cmake)
-- Found rosidl_generator_cpp: 4.6.5 (/opt/ros/jazzy/share/rosidl_generator_cpp/cmake)
-- Using all available rosidl_typesupport_c: rosidl_typesupport_fastrtps_c;rosidl_typesupport_introspection_c
-- Using all available rosidl_typesupport_cpp: rosidl_typesupport_fastrtps_cpp;rosidl_typesupport_introspection_cpp
-- Found rmw_implementation_cmake: 7.3.2 (/opt/ros/jazzy/share/rmw_implementation_cmake/cmake)
-- Found rmw_fastrtps_cpp: 8.4.2 (/opt/ros/jazzy/share/rmw_fastrtps_cpp/cmake)
-- Found OpenSSL: /usr/lib/x86_64-linux-gnu/libcrypto.so (found version "3.0.13")  
-- Found FastRTPS: /opt/ros/jazzy/include (Required is at least version "2.13") 
-- Using RMW implementation 'rmw_fastrtps_cpp' as default
-- Found std_msgs: 5.3.6 (/opt/ros/jazzy/share/std_msgs/cmake)
-- Found ament_lint_auto: 0.17.2 (/opt/ros/jazzy/share/ament_lint_auto/cmake)
-- Added test 'cppcheck' to perform static code analysis on C / C++ code
-- Configured cppcheck include dirs: 
-- Configured cppcheck exclude dirs and/or files: 
-- Added test 'lint_cmake' to check CMake code style
-- Added test 'uncrustify' to check C / C++ code style
-- Configured uncrustify additional arguments: 
-- Added test 'xmllint' to check XML markup files
-- Configuring done (2.3s)
[33mCMake Warning (dev) at CMakeLists.txt:16 (add_executable):
  Policy CMP0115 is not set: Source file extensions must be explicit.  Run
  "cmake --help-policy CMP0115" for policy details.  Use the cmake_policy
  command to set the policy and suppress this warning.

  File:

    /home/ethan/crimp_ws/src/crimp_cpp/src/joint_mover.cpp
This warning is for project developers.  Use -Wno-dev to suppress it.
[0m
[33mCMake Warning (dev) at CMakeLists.txt:19 (add_executable):
  Policy CMP0115 is not set: Source file extensions must be explicit.  Run
  "cmake --help-policy CMP0115" for policy details.  Use the cmake_policy
  command to set the policy and suppress this warning.

  File:

    /home/ethan/crimp_ws/src/crimp_cpp/src/motion_planner.cpp
This warning is for project developers.  Use -Wno-dev to suppress it.
[0m
[33mCMake Warning (dev) at CMakeLists.txt:22 (add_executable):
  Policy CMP0115 is not set: Source file extensions must be explicit.  Run
  "cmake --help-policy CMP0115" for policy details.  Use the cmake_policy
  command to set the policy and suppress this warning.

  File:

    /home/ethan/crimp_ws/src/crimp_cpp/src/suction_cups.cpp
This warning is for project developers.  Use -Wno-dev to suppress it.
[0m
-- Generating done (0.0s)
-- Build files have been written to: /home/ethan/crimp_ws/build/crimp_cpp
[ 33%] [32mBuilding CXX object CMakeFiles/suction_cups.dir/src/suction_cups.cpp.o[0m
[ 33%] [32mBuilding CXX object CMakeFiles/motion_planner.dir/src/motion_planner.cpp.o[0m
[ 50%] [32mBuilding CXX object CMakeFiles/joint_mover.dir/src/joint_mover.cpp.o[0m
[01m[K/home/ethan/crimp_ws/src/crimp_cpp/src/motion_planner.cpp:[m[K In constructor â€˜[01m[KMotionPlanner::[01;32m[KMotionPlanner[m[K()[m[Kâ€™:
[01m[K/home/ethan/crimp_ws/src/crimp_cpp/src/motion_planner.cpp:48:5:[m[K [01;31m[Kerror: [m[Kexpected â€˜[01m[K,[m[Kâ€™ or â€˜[01m[K;[m[Kâ€™ before â€˜[01m[Kslow_timer_[m[Kâ€™
   48 |     [01;31m[Kslow_timer_[m[K = this->create_wall_timer(5s, slow_timer_callback);
      |     [01;31m[K^~~~~~~~~~~[m[K
[01m[K/home/ethan/crimp_ws/src/crimp_cpp/src/suction_cups.cpp:[m[K In member function â€˜[01m[Kvoid MinimalPubSub::[01;32m[Ktimer_callback[m[K()[m[Kâ€™:
[01m[K/home/ethan/crimp_ws/src/crimp_cpp/src/suction_cups.cpp:49:5:[m[K [01;31m[Kerror: [m[Kâ€˜[01m[Kpublisher_[m[Kâ€™ was not declared in this scope; did you mean â€˜[01m[Krmw_publisher_t[m[Kâ€™?
   49 |     [01;31m[Kpublisher_[m[K->publish(message); // publishes the message
      |     [01;31m[K^~~~~~~~~~[m[K
      |     [32m[Krmw_publisher_t[m[K
[01m[K/home/ethan/crimp_ws/src/crimp_cpp/src/motion_planner.cpp:[m[K In member function â€˜[01m[Kvoid MotionPlanner::[01;32m[Ktimer_callback[m[K()[m[Kâ€™:
[01m[K/home/ethan/crimp_ws/src/crimp_cpp/src/motion_planner.cpp:67:5:[m[K [01;31m[Kerror: [m[Kâ€˜[01m[Krobot_pose_pub[m[Kâ€™ was not declared in this scope; did you mean â€˜[01m[Krobot_pos_pub[m[Kâ€™?
   67 |     [01;31m[Krobot_pose_pub[m[K->publish(msg2); // publishes the message
      |     [01;31m[K^~~~~~~~~~~~~~[m[K
      |     [32m[Krobot_pos_pub[m[K
gmake[2]: *** [CMakeFiles/suction_cups.dir/build.make:76: CMakeFiles/suction_cups.dir/src/suction_cups.cpp.o] Error 1
gmake[1]: *** [CMakeFiles/Makefile2:193: CMakeFiles/suction_cups.dir/all] Error 2
gmake[1]: *** Waiting for unfinished jobs....
gmake[2]: *** [CMakeFiles/motion_planner.dir/build.make:76: CMakeFiles/motion_planner.dir/src/motion_planner.cpp.o] Error 1
gmake[1]: *** [CMakeFiles/Makefile2:167: CMakeFiles/motion_planner.dir/all] Error 2
[ 66%] [32m[1mLinking CXX executable joint_mover[0m
[ 66%] Built target joint_mover
gmake: *** [Makefile:146: all] Error 2
