[0.020s] Invoking command in '/home/ethan/crimp_ws/build/crimp_cpp': CMAKE_PREFIX_PATH=${CMAKE_PREFIX_PATH}:/opt/ros/jazzy DEBUGINFOD_URLS=https://debuginfod.ubuntu.com /usr/bin/cmake /home/ethan/crimp_ws/src/crimp_cpp -DCMAKE_INSTALL_PREFIX=/home/ethan/crimp_ws/install/crimp_cpp
[0.244s] -- The C compiler identification is GNU 13.3.0
[0.442s] -- The CXX compiler identification is GNU 13.3.0
[0.492s] -- Detecting C compiler ABI info
[0.670s] -- Detecting C compiler ABI info - done
[0.687s] -- Check for working C compiler: /usr/bin/cc - skipped
[0.687s] -- Detecting C compile features
[0.688s] -- Detecting C compile features - done
[0.712s] -- Detecting CXX compiler ABI info
[0.902s] -- Detecting CXX compiler ABI info - done
[0.917s] -- Check for working CXX compiler: /usr/bin/c++ - skipped
[0.918s] -- Detecting CXX compile features
[0.919s] -- Detecting CXX compile features - done
[0.940s] -- Found ament_cmake: 2.5.3 (/opt/ros/jazzy/share/ament_cmake/cmake)
[1.174s] -- Found Python3: /usr/bin/python3 (found version "3.12.3") found components: Interpreter 
[1.375s] -- Found rclcpp: 28.1.8 (/opt/ros/jazzy/share/rclcpp/cmake)
[1.460s] -- Found rosidl_generator_c: 4.6.5 (/opt/ros/jazzy/share/rosidl_generator_c/cmake)
[1.486s] -- Found rosidl_generator_cpp: 4.6.5 (/opt/ros/jazzy/share/rosidl_generator_cpp/cmake)
[1.524s] -- Using all available rosidl_typesupport_c: rosidl_typesupport_fastrtps_c;rosidl_typesupport_introspection_c
[1.558s] -- Using all available rosidl_typesupport_cpp: rosidl_typesupport_fastrtps_cpp;rosidl_typesupport_introspection_cpp
[1.712s] -- Found rmw_implementation_cmake: 7.3.2 (/opt/ros/jazzy/share/rmw_implementation_cmake/cmake)
[1.718s] -- Found rmw_fastrtps_cpp: 8.4.2 (/opt/ros/jazzy/share/rmw_fastrtps_cpp/cmake)
[1.936s] -- Found OpenSSL: /usr/lib/x86_64-linux-gnu/libcrypto.so (found version "3.0.13")  
[1.968s] -- Found FastRTPS: /opt/ros/jazzy/include (Required is at least version "2.13") 
[2.008s] -- Using RMW implementation 'rmw_fastrtps_cpp' as default
[2.147s] -- Found std_msgs: 5.3.6 (/opt/ros/jazzy/share/std_msgs/cmake)
[2.176s] -- Found ament_lint_auto: 0.17.2 (/opt/ros/jazzy/share/ament_lint_auto/cmake)
[2.351s] -- Added test 'cppcheck' to perform static code analysis on C / C++ code
[2.351s] -- Configured cppcheck include dirs: 
[2.351s] -- Configured cppcheck exclude dirs and/or files: 
[2.352s] -- Added test 'lint_cmake' to check CMake code style
[2.354s] -- Added test 'uncrustify' to check C / C++ code style
[2.354s] -- Configured uncrustify additional arguments: 
[2.355s] -- Added test 'xmllint' to check XML markup files
[2.357s] -- Configuring done (2.3s)
[2.361s] [33mCMake Warning (dev) at CMakeLists.txt:16 (add_executable):
[2.361s]   Policy CMP0115 is not set: Source file extensions must be explicit.  Run
[2.361s]   "cmake --help-policy CMP0115" for policy details.  Use the cmake_policy
[2.362s]   command to set the policy and suppress this warning.
[2.362s] 
[2.362s]   File:
[2.362s] 
[2.362s]     /home/ethan/crimp_ws/src/crimp_cpp/src/joint_mover.cpp
[2.362s] This warning is for project developers.  Use -Wno-dev to suppress it.
[2.362s] [0m
[2.364s] [33mCMake Warning (dev) at CMakeLists.txt:19 (add_executable):
[2.364s]   Policy CMP0115 is not set: Source file extensions must be explicit.  Run
[2.364s]   "cmake --help-policy CMP0115" for policy details.  Use the cmake_policy
[2.364s]   command to set the policy and suppress this warning.
[2.364s] 
[2.364s]   File:
[2.365s] 
[2.365s]     /home/ethan/crimp_ws/src/crimp_cpp/src/motion_planner.cpp
[2.365s] This warning is for project developers.  Use -Wno-dev to suppress it.
[2.365s] [0m
[2.365s] [33mCMake Warning (dev) at CMakeLists.txt:22 (add_executable):
[2.365s]   Policy CMP0115 is not set: Source file extensions must be explicit.  Run
[2.366s]   "cmake --help-policy CMP0115" for policy details.  Use the cmake_policy
[2.366s]   command to set the policy and suppress this warning.
[2.366s] 
[2.366s]   File:
[2.366s] 
[2.366s]     /home/ethan/crimp_ws/src/crimp_cpp/src/suction_cups.cpp
[2.366s] This warning is for project developers.  Use -Wno-dev to suppress it.
[2.367s] [0m
[2.381s] -- Generating done (0.0s)
[2.389s] -- Build files have been written to: /home/ethan/crimp_ws/build/crimp_cpp
[2.404s] Invoked command in '/home/ethan/crimp_ws/build/crimp_cpp' returned '0': CMAKE_PREFIX_PATH=${CMAKE_PREFIX_PATH}:/opt/ros/jazzy DEBUGINFOD_URLS=https://debuginfod.ubuntu.com /usr/bin/cmake /home/ethan/crimp_ws/src/crimp_cpp -DCMAKE_INSTALL_PREFIX=/home/ethan/crimp_ws/install/crimp_cpp
[2.407s] Invoking command in '/home/ethan/crimp_ws/build/crimp_cpp': CMAKE_PREFIX_PATH=${CMAKE_PREFIX_PATH}:/opt/ros/jazzy DEBUGINFOD_URLS=https://debuginfod.ubuntu.com /usr/bin/cmake --build /home/ethan/crimp_ws/build/crimp_cpp -- -j8 -l8
[2.503s] [ 33%] [32mBuilding CXX object CMakeFiles/suction_cups.dir/src/suction_cups.cpp.o[0m
[2.503s] [ 33%] [32mBuilding CXX object CMakeFiles/motion_planner.dir/src/motion_planner.cpp.o[0m
[2.504s] [ 50%] [32mBuilding CXX object CMakeFiles/joint_mover.dir/src/joint_mover.cpp.o[0m
[5.936s] [01m[K/home/ethan/crimp_ws/src/crimp_cpp/src/motion_planner.cpp:[m[K In constructor â€˜[01m[KMotionPlanner::[01;32m[KMotionPlanner[m[K()[m[Kâ€™:
[5.937s] [01m[K/home/ethan/crimp_ws/src/crimp_cpp/src/motion_planner.cpp:48:5:[m[K [01;31m[Kerror: [m[Kexpected â€˜[01m[K,[m[Kâ€™ or â€˜[01m[K;[m[Kâ€™ before â€˜[01m[Kslow_timer_[m[Kâ€™
[5.937s]    48 |     [01;31m[Kslow_timer_[m[K = this->create_wall_timer(5s, slow_timer_callback);
[5.937s]       |     [01;31m[K^~~~~~~~~~~[m[K
[5.939s] [01m[K/home/ethan/crimp_ws/src/crimp_cpp/src/suction_cups.cpp:[m[K In member function â€˜[01m[Kvoid MinimalPubSub::[01;32m[Ktimer_callback[m[K()[m[Kâ€™:
[5.939s] [01m[K/home/ethan/crimp_ws/src/crimp_cpp/src/suction_cups.cpp:49:5:[m[K [01;31m[Kerror: [m[Kâ€˜[01m[Kpublisher_[m[Kâ€™ was not declared in this scope; did you mean â€˜[01m[Krmw_publisher_t[m[Kâ€™?
[5.940s]    49 |     [01;31m[Kpublisher_[m[K->publish(message); // publishes the message
[5.940s]       |     [01;31m[K^~~~~~~~~~[m[K
[5.940s]       |     [32m[Krmw_publisher_t[m[K
[5.953s] [01m[K/home/ethan/crimp_ws/src/crimp_cpp/src/motion_planner.cpp:[m[K In member function â€˜[01m[Kvoid MotionPlanner::[01;32m[Ktimer_callback[m[K()[m[Kâ€™:
[5.953s] [01m[K/home/ethan/crimp_ws/src/crimp_cpp/src/motion_planner.cpp:67:5:[m[K [01;31m[Kerror: [m[Kâ€˜[01m[Krobot_pose_pub[m[Kâ€™ was not declared in this scope; did you mean â€˜[01m[Krobot_pos_pub[m[Kâ€™?
[5.953s]    67 |     [01;31m[Krobot_pose_pub[m[K->publish(msg2); // publishes the message
[5.954s]       |     [01;31m[K^~~~~~~~~~~~~~[m[K
[5.954s]       |     [32m[Krobot_pos_pub[m[K
[9.007s] gmake[2]: *** [CMakeFiles/suction_cups.dir/build.make:76: CMakeFiles/suction_cups.dir/src/suction_cups.cpp.o] Error 1
[9.007s] gmake[1]: *** [CMakeFiles/Makefile2:193: CMakeFiles/suction_cups.dir/all] Error 2
[9.007s] gmake[1]: *** Waiting for unfinished jobs....
[9.049s] gmake[2]: *** [CMakeFiles/motion_planner.dir/build.make:76: CMakeFiles/motion_planner.dir/src/motion_planner.cpp.o] Error 1
[9.050s] gmake[1]: *** [CMakeFiles/Makefile2:167: CMakeFiles/motion_planner.dir/all] Error 2
[13.172s] [ 66%] [32m[1mLinking CXX executable joint_mover[0m
[13.650s] [ 66%] Built target joint_mover
[13.652s] gmake: *** [Makefile:146: all] Error 2
[13.670s] Invoked command in '/home/ethan/crimp_ws/build/crimp_cpp' returned '2': CMAKE_PREFIX_PATH=${CMAKE_PREFIX_PATH}:/opt/ros/jazzy DEBUGINFOD_URLS=https://debuginfod.ubuntu.com /usr/bin/cmake --build /home/ethan/crimp_ws/build/crimp_cpp -- -j8 -l8
