[0.015s] Invoking command in '/home/andy/CRIMP/build/crimp_cpp': CMAKE_PREFIX_PATH=/home/andy/CRIMP/install/custom_msgs:/home/andy/CRIMP/install/crimp_cpp:/home/andy/CRIMP/install/crimp_python:/opt/ros/jazzy /usr/bin/cmake --build /home/andy/CRIMP/build/crimp_cpp -- -j4 -l4
[0.120s] [ 53%] Built target servo_lib
[0.133s] [ 69%] Built target motion_planner
[0.176s] [ 84%] Built target joint_mover
[0.184s] [ 92%] [32mBuilding CXX object CMakeFiles/suction_cups.dir/src/suction_cups.cpp.o[0m
[4.402s] [01m[K/home/andy/CRIMP/src/crimp_cpp/src/suction_cups.cpp:[m[K In member function â€˜[01m[Kvoid SuctionCups::[01;32m[Kcentre[m[K(int)[m[Kâ€™:
[4.402s] [01m[K/home/andy/CRIMP/src/crimp_cpp/src/suction_cups.cpp:70:3:[m[K [01;31m[Kerror: [m[Kexpected â€˜[01m[K;[m[Kâ€™ before â€˜[01m[K}[m[Kâ€™ token
[4.402s]    70 |   [01;31m[K}[m[K
[4.402s]       |   [01;31m[K^[m[K
[7.806s] gmake[2]: *** [CMakeFiles/suction_cups.dir/build.make:76: CMakeFiles/suction_cups.dir/src/suction_cups.cpp.o] Error 1
[7.806s] gmake[1]: *** [CMakeFiles/Makefile2:221: CMakeFiles/suction_cups.dir/all] Error 2
[7.806s] gmake: *** [Makefile:146: all] Error 2
[7.809s] Invoked command in '/home/andy/CRIMP/build/crimp_cpp' returned '2': CMAKE_PREFIX_PATH=/home/andy/CRIMP/install/custom_msgs:/home/andy/CRIMP/install/crimp_cpp:/home/andy/CRIMP/install/crimp_python:/opt/ros/jazzy /usr/bin/cmake --build /home/andy/CRIMP/build/crimp_cpp -- -j4 -l4
